<?xml version="1.0" encoding="UTF-8"?>
<!-- Generated by org.testng.reporters.JUnitReportReporter -->
<testsuite hostname="DESKTOP-7OK20NU" failures="0" tests="2" name="MyPackage.MyClass" time="5.798" errors="0" timestamp="2024-08-31T04:12:03 EET" skipped="0">
  <testcase classname="MyPackage.MyClass" name="GetRandomFirstLastName" time="0.044"/>
  <system-out/>
  <testcase classname="MyPackage.MyClass" name="CreateanAccount" time="5.754"/>
  <system-out/>
</testsuite> <!-- MyPackage.MyClass -->
